<?xml version="1.0" encoding="UTF-8"?>
<!-- Generated by org.testng.reporters.JUnitReportReporter -->
<testsuite hostname="BLR2-NIVINS1" name="com.RestAPI" tests="1" failures="0" timestamp="10 Mar 2020 12:56:55 GMT" time="3.053" errors="0">
  <testcase name="getTestCyclesFromTestPlan" time="3.053" classname="com.RestAPI"/>
</testsuite> <!-- com.RestAPI -->
